<?xml version="1.0" encoding="UTF-8"?>
<!-- Generated by org.testng.reporters.JUnitXMLReporter -->
<testsuite ignored="0" hostname="DESKTOP-S54S9MI" failures="0" tests="4" name="Test" time="8.652" errors="0" timestamp="2023-11-08T07:46:35 IST">
  <testcase classname="com.petstore.test.UserTCPropFile" name="testCreateUser" time="4.669"/>
  <testcase classname="com.petstore.test.UserTCPropFile" name="testGetUser" time="1.179"/>
  <testcase classname="com.petstore.test.UserTCPropFile" name="testUpdateUser" time="1.152"/>
  <testcase classname="com.petstore.test.UserTCPropFile" name="testDeleteUser" time="1.129"/>
</testsuite> <!-- Test -->
