<?xml version="1.0" encoding="UTF-8"?>
<!-- Generated by org.testng.reporters.JUnitXMLReporter -->
<testsuite ignored="0" hostname="DESKTOP-S54S9MI" failures="0" tests="4" name="Default test" time="8.573" errors="0" timestamp="2023-11-08T07:45:55 IST">
  <testcase classname="com.petstore.test.UserTCPropFile" name="testCreateUser" time="4.441"/>
  <testcase classname="com.petstore.test.UserTCPropFile" name="testGetUser" time="1.222"/>
  <testcase classname="com.petstore.test.UserTCPropFile" name="testUpdateUser" time="1.181"/>
  <testcase classname="com.petstore.test.UserTCPropFile" name="testDeleteUser" time="1.14"/>
</testsuite> <!-- Default test -->
