<?xml version="1.0" encoding="UTF-8"?>
<!-- Generated by org.testng.reporters.JUnitXMLReporter -->
<testsuite ignored="0" hostname="DESKTOP-S54S9MI" failures="0" tests="8" name="Default test" time="15.553" errors="0" timestamp="2023-11-05T22:00:15 IST">
  <testcase classname="com.petstore.test.DataDrivenTest" name="postUser" time="5.072"/>
  <testcase classname="com.petstore.test.DataDrivenTest" name="postUser" time="1.228"/>
  <testcase classname="com.petstore.test.DataDrivenTest" name="postUser" time="1.228"/>
  <testcase classname="com.petstore.test.DataDrivenTest" name="postUser" time="1.195"/>
  <testcase classname="com.petstore.test.DataDrivenTest" name="delUser" time="1.242"/>
  <testcase classname="com.petstore.test.DataDrivenTest" name="delUser" time="1.218"/>
  <testcase classname="com.petstore.test.DataDrivenTest" name="delUser" time="1.219"/>
  <testcase classname="com.petstore.test.DataDrivenTest" name="delUser" time="1.169"/>
</testsuite> <!-- Default test -->
