<?xml version="1.0" encoding="UTF-8"?>
<testng-results ignored="0" total="4" passed="4" failed="0" skipped="0">
  <reporter-output>
  </reporter-output>
  <suite started-at="2023-10-25T06:45:57 IST" name="Default suite" finished-at="2023-10-25T06:46:07 IST" duration-ms="9792">
    <groups>
    </groups>
    <test started-at="2023-10-25T06:45:57 IST" name="Default test" finished-at="2023-10-25T06:46:07 IST" duration-ms="9792">
      <class name="com.petstore.test.UserTC">
        <test-method is-config="true" signature="setUpData()[pri:0, instance:com.petstore.test.UserTC@6e6f2380]" started-at="2023-10-25T06:45:57 IST" name="setUpData" finished-at="2023-10-25T06:45:58 IST" duration-ms="469" status="PASS">
          <reporter-output>
          </reporter-output>
        </test-method> <!-- setUpData -->
        <test-method signature="testCreateUser()[pri:1, instance:com.petstore.test.UserTC@6e6f2380]" started-at="2023-10-25T06:45:58 IST" name="testCreateUser" finished-at="2023-10-25T06:46:03 IST" duration-ms="4988" status="PASS">
          <reporter-output>
          </reporter-output>
        </test-method> <!-- testCreateUser -->
        <test-method signature="testGetUser()[pri:2, instance:com.petstore.test.UserTC@6e6f2380]" started-at="2023-10-25T06:46:03 IST" name="testGetUser" finished-at="2023-10-25T06:46:04 IST" duration-ms="1550" status="PASS">
          <reporter-output>
          </reporter-output>
        </test-method> <!-- testGetUser -->
        <test-method signature="testUpdateUser()[pri:3, instance:com.petstore.test.UserTC@6e6f2380]" started-at="2023-10-25T06:46:04 IST" name="testUpdateUser" finished-at="2023-10-25T06:46:06 IST" duration-ms="1521" status="PASS">
          <reporter-output>
          </reporter-output>
        </test-method> <!-- testUpdateUser -->
        <test-method signature="testDeleteUser()[pri:4, instance:com.petstore.test.UserTC@6e6f2380]" started-at="2023-10-25T06:46:06 IST" name="testDeleteUser" finished-at="2023-10-25T06:46:07 IST" duration-ms="1153" status="PASS">
          <reporter-output>
          </reporter-output>
        </test-method> <!-- testDeleteUser -->
      </class> <!-- com.petstore.test.UserTC -->
    </test> <!-- Default test -->
  </suite> <!-- Default suite -->
</testng-results>
