<?xml version="1.0" encoding="UTF-8"?>
<testng-results ignored="0" total="1" passed="1" failed="0" skipped="0">
  <reporter-output>
  </reporter-output>
  <suite started-at="2023-10-16T08:35:57 IST" name="Default suite" finished-at="2023-10-16T08:36:03 IST" duration-ms="5884">
    <groups>
    </groups>
    <test started-at="2023-10-16T08:35:57 IST" name="Default test" finished-at="2023-10-16T08:36:03 IST" duration-ms="5884">
      <class name="com.petstore.test.UserTC">
        <test-method is-config="true" signature="setUpData()[pri:0, instance:com.petstore.test.UserTC@76a4ebf2]" started-at="2023-10-16T08:35:57 IST" name="setUpData" finished-at="2023-10-16T08:35:57 IST" duration-ms="479" status="PASS">
          <reporter-output>
          </reporter-output>
        </test-method> <!-- setUpData -->
        <test-method signature="testCreateUser()[pri:0, instance:com.petstore.test.UserTC@76a4ebf2]" started-at="2023-10-16T08:35:57 IST" name="testCreateUser" finished-at="2023-10-16T08:36:03 IST" duration-ms="5307" status="PASS">
          <reporter-output>
          </reporter-output>
        </test-method> <!-- testCreateUser -->
      </class> <!-- com.petstore.test.UserTC -->
    </test> <!-- Default test -->
  </suite> <!-- Default suite -->
</testng-results>
